No .version file found, creating one
LN: include/arch to arch/arm/include
LN: arch/arm/src/board to configs/px4fmu-v2/src
LN: arch/arm/src/chip to arch/arm/src/stm32
LN: include/apps to ../apps/include
LN: include/arch/board to configs/px4fmu-v2/include
LN: include/arch/chip to arch/arm/include/stm32
Register: serdis
Register: sercon
Register: sysinfo
CC:  mm_initialize.c
CC:  os_start.c
CC:  stdio/lib_fileno.c
CC:  stdio/lib_printf.c
CC:  os_bringup.c
CC:  mm_sem.c
CC:  stdio/lib_syslog.c
CC:  mm_addfreechunk.c
CC:  errno_getptr.c
CC:  errno_get.c
CC:  mm_size2ndx.c
CC:  stdio/lib_lowsyslog.c
CC:  errno_set.c
CC:  mm_shrinkchunk.c
CC:  stdio/lib_sprintf.c
CC:  sched_garbage.c
CC:  mm_malloc.c
CC:  sched_getfiles.c
CC:  mm_zalloc.c
CC:  sched_getsockets.c
CC:  mm_calloc.c
CC:  stdio/lib_asprintf.c
CC:  sched_getstreams.c
CC:  stdio/lib_snprintf.c
CC:  mm_realloc.c
CC:  prctl.c
CC:  stdio/lib_libsprintf.c
CC:  exit.c
CC:  mm_memalign.c
CC:  stdio/lib_vsprintf.c
CC:  getpid.c
CC:  mm_free.c
CC:  stdio/lib_avsprintf.c
CC:  task_create.c
CC:  mm_mallinfo.c
CC:  stdio/lib_vsnprintf.c
CC:  task_init.c
CC:  mm_user.c
CC:  task_setup.c
CC:  stdio/lib_libvsprintf.c
CC:  mm_graninit.c
CC:  task_activate.c
CC:  mm_granalloc.c
CC:  task_start.c
CC:  mm_granfree.c
CC:  task_delete.c
CC:  mm_grancritical.c
CC:  task_exit.c
CC:  stdio/lib_dprintf.c
AR:    bin/mm_initialize.o  bin/mm_sem.o  bin/mm_addfreechunk.o  bin/mm_size2ndx.o  bin/mm_shrinkchunk.o  bin/mm_malloc.o  bin/mm_zalloc.o  bin/mm_calloc.o  bin/mm_realloc.o  bin/mm_memalign.o  bin/mm_free.o  bin/mm_mallinfo.o  bin/mm_user.o  bin/mm_graninit.o  bin/mm_granalloc.o  bin/mm_granfree.o  bin/mm_grancritical.o
AS:  chip/stm32_vectors.S
CC:  stdio/lib_vdprintf.c
CC:  task_exithook.c
AS:  armv7-m/up_saveusercontext.S
CC:  stdio/lib_meminstream.c
AS:  armv7-m/up_fullcontextrestore.S
AS:  armv7-m/up_switchcontext.S
AS:  armv7-m/vfork.S
CC:  task_recover.c
CC:  stdio/lib_memoutstream.c
AS:  armv7-m/up_exception.S
AS:  armv7-m/up_memcpy.S
CC:  stdio/lib_lowinstream.c
CC:  task_restart.c
AS:  armv7-m/up_fpu.S
CC:  chip/stm32_allocateheap.c
CC:  stdio/lib_lowoutstream.c
CC:  task_spawn.c
CC:  stdio/lib_zeroinstream.c
CC:  chip/stm32_start.c
CC:  task_spawnparms.c
CC:  stdio/lib_nullinstream.c
CC:  chip/stm32_rcc.c
CC:  stdio/lib_nulloutstream.c
CC:  task_terminate.c
CC:  chip/stm32_lse.c
CC:  stdio/lib_sscanf.c
CC:  sched_addreadytorun.c
CC:  chip/stm32_lsi.c
CC:  sched_removereadytorun.c
CC:  stdio/lib_rawinstream.c
CC:  chip/stm32_gpio.c
CC:  sched_addprioritized.c
CC:  stdio/lib_rawoutstream.c
CC:  sched_mergepending.c
CC:  chip/stm32_exti_gpio.c
CC:  sched_addblocked.c
CC:  stdio/lib_fopen.c
CC:  sched_removeblocked.c
CC:  chip/stm32_flash.c
CC:  stdio/lib_fclose.c
CC:  sched_free.c
CC:  chip/stm32_irq.c
CC:  stdio/lib_fread.c
CC:  sched_gettcb.c
CC:  chip/stm32_timerisr.c
CC:  stdio/lib_libfread.c
CC:  sched_verifytcb.c
CC:  chip/stm32_dma.c
CC:  sched_releasetcb.c
CC:  stdio/lib_fseek.c
CC:  task_vfork.c
CC:  stdio/lib_ftell.c
CC:  stdio/lib_fsetpos.c
CC:  chip/stm32_lowputc.c
CC:  group_create.c
CC:  stdio/lib_fgetpos.c
CC:  chip/stm32_serial.c
CC:  group_join.c
CC:  stdio/lib_fgetc.c
CC:  group_leave.c
CC:  group_find.c
CC:  stdio/lib_fgets.c
CC:  group_setupstreams.c
CC:  stdio/lib_gets.c
CC:  group_setupidlefiles.c
CC:  stdio/lib_fwrite.c
CC:  group_setuptaskfiles.c
CC:  stdio/lib_libfwrite.c
CC:  chip/stm32_spi.c
CC:  task_getgroup.c
CC:  stdio/lib_fflush.c
CC:  group_foreachchild.c
CC:  group_killchildren.c
CC:  stdio/lib_libflushall.c
CC:  chip/stm32_sdio.c
CC:  group_signal.c
CC:  stdio/lib_libfflush.c
CC:  sched_setparam.c
CC:  stdio/lib_rdflush.c
CC:  sched_setpriority.c
CC:  stdio/lib_wrflush.c
CC:  sched_getparam.c
CC:  stdio/lib_fputc.c
CC:  stdio/lib_puts.c
CC:  sched_setscheduler.c
CC:  chip/stm32_tim.c
CC:  stdio/lib_fputs.c
CC:  sched_getscheduler.c
CC:  stdio/lib_ungetc.c
CC:  sched_yield.c
CC:  stdio/lib_vprintf.c
CC:  chip/stm32_i2c.c
CC:  sched_rrgetinterval.c
CC:  sched_foreach.c
CC:  stdio/lib_fprintf.c
CC:  sched_lock.c
CC:  stdio/lib_vfprintf.c
CC:  sched_unlock.c
CC:  stdio/lib_stdinstream.c
CC:  sched_lockcount.c
CC:  chip/stm32_waste.c
CC:  stdio/lib_stdoutstream.c
CC:  chip/stm32_otgfsdev.c
CC:  sched_self.c
CC:  stdio/lib_perror.c
CC:  atexit.c
CC:  stdio/lib_feof.c
CC:  sched_reprioritize.c
CC:  stdio/lib_ferror.c
CC:  sched_waitpid.c
CC:  stdio/lib_clearerr.c
CC:  wd_initialize.c
CC:  stdio/lib_dtoa.c
CC:  wd_create.c
CC:  wd_start.c
CC:  wd_cancel.c
CC:  wd_delete.c
CC:  chip/stm32_idle.c
CC:  wd_gettime.c
CC:  chip/stm32_pmstop.c
CC:  sched_processtimer.c
CC:  chip/stm32_pmstandby.c
CC:  sleep.c
CC:  chip/stm32_pmsleep.c
CC:  stdio/lib_libnoflush.c
CC:  usleep.c
CC:  chip/stm32_pminitialize.c
CC:  stdlib/lib_abs.c
CC:  sem_initialize.c
CC:  chip/stm32_pwr.c
CC:  stdlib/lib_abort.c
CC:  sem_destroy.c
CC:  stdlib/lib_imaxabs.c
CC:  chip/stm32_rtc.c
CC:  sem_open.c
CC:  stdlib/lib_itoa.c
CC:  sem_close.c
CC:  stdlib/lib_labs.c
CC:  chip/stm32_wwdg.c
CC:  stdlib/lib_llabs.c
CC:  sem_unlink.c
CC:  stdlib/lib_rand.c
CC:  sem_wait.c
CC:  armv7-m/up_assert.c
CC:  stdlib/lib_qsort.c
CC:  sem_trywait.c
CC:  unistd/lib_getopt.c
CC:  armv7-m/up_blocktask.c
CC:  sem_timedwait.c
CC:  unistd/lib_getoptargp.c
CC:  armv7-m/up_copystate.c
CC:  sem_post.c
CC:  unistd/lib_getoptindp.c
CC:  common/up_createstack.c
CC:  unistd/lib_getoptoptp.c
CC:  sem_findnamed.c
CC:  unistd/lib_chdir.c
CC:  common/up_mdelay.c
CC:  sem_waitirq.c
CC:  unistd/lib_getcwd.c
CC:  common/up_udelay.c
CC:  sem_holder.c
CC:  sched/sched_getprioritymax.c
CC:  common/up_exit.c
CC:  sched/sched_getprioritymin.c
CC:  common/up_initialize.c
CC:  timer_initialize.c
CC:  string/lib_checkbase.c
CC:  string/lib_isbasedigit.c
CC:  timer_create.c
CC:  string/lib_memset.c
CC:  armv7-m/up_initialstate.c
CC:  string/lib_memchr.c
CC:  common/up_interruptcontext.c
CC:  string/lib_memccpy.c
CC:  timer_delete.c
CC:  armv7-m/up_memfault.c
CC:  string/lib_memcmp.c
CC:  timer_getoverrun.c
CC:  common/up_modifyreg8.c
CC:  string/lib_memmove.c
CC:  timer_gettime.c
CC:  common/up_modifyreg16.c
CC:  string/lib_skipspace.c
CC:  timer_settime.c
CC:  common/up_modifyreg32.c
CC:  string/lib_strcasecmp.c
CC:  armv7-m/up_releasepending.c
CC:  timer_release.c
CC:  string/lib_strcat.c
CC:  common/up_releasestack.c
CC:  string/lib_strchr.c
CC:  irq_initialize.c
CC:  string/lib_strcpy.c
CC:  armv7-m/up_reprioritizertr.c
CC:  irq_attach.c
CC:  string/lib_strcmp.c
CC:  armv7-m/up_schedulesigaction.c
CC:  string/lib_strcspn.c
CC:  irq_dispatch.c
CC:  string/lib_strdup.c
CC:  armv7-m/up_sigdeliver.c
CC:  string/lib_strerror.c
CC:  irq_unexpectedisr.c
CC:  string/lib_strlen.c
CC:  armv7-m/up_systemreset.c
CC:  string/lib_strnlen.c
CC:  clock_initialize.c
CC:  armv7-m/up_unblocktask.c
CC:  string/lib_strncasecmp.c
CC:  clock_settime.c
CC:  common/up_usestack.c
CC:  string/lib_strncat.c
CC:  clock_gettime.c
CC:  armv7-m/up_doirq.c
CC:  string/lib_strncmp.c
CC:  clock_getres.c
CC:  string/lib_strncpy.c
CC:  clock_time2ticks.c
CC:  armv7-m/up_hardfault.c
CC:  string/lib_strndup.c
CC:  clock_abstime2ticks.c
CC:  armv7-m/up_svcall.c
CC:  string/lib_strcasestr.c
CC:  clock_ticks2time.c
CC:  string/lib_strpbrk.c
CC:  clock_gettimeofday.c
CC:  common/up_vfork.c
CC:  string/lib_strrchr.c
CC:  armv7-m/up_vectors.c
CC:  clock_systimer.c
CC:  string/lib_strspn.c
AR:  stm32_vectors.o up_saveusercontext.o up_fullcontextrestore.o up_switchcontext.o vfork.o up_exception.o up_memcpy.o up_fpu.o stm32_allocateheap.o stm32_start.o stm32_rcc.o stm32_lse.o stm32_lsi.o stm32_gpio.o stm32_exti_gpio.o stm32_flash.o stm32_irq.o stm32_timerisr.o stm32_dma.o stm32_lowputc.o stm32_serial.o stm32_spi.o stm32_sdio.o stm32_tim.o stm32_i2c.o stm32_waste.o stm32_otgfsdev.o stm32_idle.o stm32_pmstop.o stm32_pmstandby.o stm32_pmsleep.o stm32_pminitialize.o stm32_pwr.o stm32_rtc.o stm32_wwdg.o up_assert.o up_blocktask.o up_copystate.o up_createstack.o up_mdelay.o up_udelay.o up_exit.o up_initialize.o up_initialstate.o up_interruptcontext.o up_memfault.o up_modifyreg8.o up_modifyreg16.o up_modifyreg32.o up_releasepending.o up_releasestack.o up_reprioritizertr.o up_schedulesigaction.o up_sigdeliver.o up_systemreset.o up_unblocktask.o up_usestack.o up_doirq.o up_hardfault.o up_svcall.o up_vfork.o up_vectors.o
CC:  pthread_create.c
CC:  pthread_exit.c
CC:  string/lib_strstr.c
CC:  pthread_join.c
CC:  pthread_detach.c
CC:  string/lib_strtok.c
CC:  string/lib_strtokr.c
CC:  pthread_yield.c
CC:  string/lib_strtol.c
CC:  string/lib_strtoll.c
CC:  pthread_getschedparam.c
CC:  string/lib_strtoul.c
CC:  string/lib_strtoull.c
CC:  pthread_setschedparam.c
CC:  string/lib_strtod.c
CC:  pthread/pthread_attrinit.c
CC:  pthread_mutexinit.c
CC:  pthread_mutexdestroy.c
CC:  pthread/pthread_attrdestroy.c
CC:  pthread/pthread_attrsetschedpolicy.c
CC:  pthread_mutexlock.c
CC:  pthread/pthread_attrgetschedpolicy.c
CC:  pthread/pthread_attrsetinheritsched.c
CXX:  libxx_cxapurevirtual.cxx
CC:  pthread_mutextrylock.c
CC:  pthread/pthread_attrgetinheritsched.c
CXX:  libxx_eabi_atexit.cxx
CC:  pthread_mutexunlock.c
CC:  pthread/pthread_attrsetstacksize.c
CXX:  libxx_cxa_atexit.cxx
CC:  pthread/pthread_attrgetstacksize.c
CC:  pthread_condinit.c
CXX:  libxx_delete.cxx
CC:  pthread/pthread_attrsetschedparam.c
CC:  pthread_conddestroy.c
CXX:  libxx_deletea.cxx
CC:  pthread/pthread_attrgetschedparam.c
CXX:  libxx_new.cxx
CC:  pthread_condwait.c
CXX:  libxx_newa.cxx
CC:  pthread/pthread_barrierattrinit.c
CXX:  libxx_stdthrow.cxx
AR:    libxx_cxapurevirtual.o libxx_eabi_atexit.o libxx_cxa_atexit.o libxx_delete.o libxx_deletea.o libxx_new.o libxx_newa.o libxx_stdthrow.o
CC:  pthread/pthread_barrierattrdestroy.c
CC:  pthread_condsignal.c
CC:  builtin.c
CC:  pthread/pthread_barrierattrgetpshared.c
CC:  pthread_condbroadcast.c
CC:  builtin_list.c
CC:  pthread/pthread_barrierattrsetpshared.c
CC:  exec_builtin.c
CC:  pthread_barrierinit.c
CC:  pthread/pthread_condattrinit.c
CC:  pthread_barrierdestroy.c
AR:   builtin.o builtin_list.o exec_builtin.o
CC:  pthread/pthread_condattrdestroy.c
CC:  pthread_barrierwait.c
CC:  cdcacm_main.c
CC:  pthread/pthread_mutexattrinit.c
AR:   cdcacm_main.o
CC:  pthread_cancel.c
CC:  mount_main.c
CC:  pthread/pthread_mutexattrdestroy.c
CC:  pthread_setcancelstate.c
CC:  pthread/pthread_mutexattrgetpshared.c
CC:  pthread_keycreate.c
CC:  pthread/pthread_mutexattrsetpshared.c
CC:  pthread_setspecific.c
CC:  semaphore/sem_init.c
CC:  ramdisk.c
CC:  semaphore/sem_getvalue.c
CC:  pthread_getspecific.c
CC:  signal/sig_emptyset.c
AR:   mount_main.o ramdisk.o
CC:  pthread_keydelete.c
CC:  signal/sig_fillset.c
CC:  nsh_main.c
CC:  signal/sig_addset.c
CC:  pthread_initialize.c
AR:   nsh_main.o
CC:  nsh_init.c
CC:  signal/sig_delset.c
CC:  pthread_completejoin.c
CC:  signal/sig_ismember.c
CC:  nsh_parse.c
CC:  pthread_findjoininfo.c
CC:  mqueue/mq_setattr.c
CC:  mqueue/mq_getattr.c
CC:  pthread_once.c
CC:  fixedmath/lib_rint.c
CC:  pthread_release.c
CC:  fixedmath/lib_fixedmath.c
CC:  pthread_setschedprio.c
CC:  fixedmath/lib_b16sin.c
CC:  pthread_condtimedwait.c
CC:  fixedmath/lib_b16cos.c
CC:  fixedmath/lib_b16atan2.c
CC:  nsh_console.c
CC:  pthread_kill.c
CC:  pthread_sigmask.c
CC:  net/lib_etherntoa.c
CC:  net/lib_htons.c
CC:  nsh_script.c
CC:  sig_initialize.c
CC:  net/lib_htonl.c
CC:  net/lib_inetaddr.c
CC:  sig_action.c
CC:  nsh_session.c
CC:  net/lib_inetntoa.c
CC:  sig_procmask.c
CC:  nsh_fscmds.c
CC:  net/lib_inetntop.c
CC:  sig_pending.c
CC:  sig_suspend.c
CC:  net/lib_inetpton.c
CC:  sig_kill.c
CC:  time/lib_mktime.c
CC:  sig_queue.c
CC:  time/lib_gmtime.c
CC:  time/lib_gmtimer.c
CC:  sig_waitinfo.c
CC:  nsh_ddcmd.c
CC:  sig_timedwait.c
CC:  time/lib_strftime.c
CC:  sig_findaction.c
CC:  time/lib_calendar2utc.c
CC:  sig_allocatependingsigaction.c
CC:  time/lib_daysbeforemonth.c
CC:  nsh_proccmds.c
CC:  sig_releasependingsigaction.c
CC:  time/lib_isleapyear.c
CC:  sig_unmaskpendingsignal.c
CC:  nsh_mmcmds.c
CC:  sig_removependingsignal.c
CC:  time/lib_time.c
CC:  sig_releasependingsignal.c
CC:  nsh_envcmds.c
CC:  libgen/lib_basename.c
CC:  libgen/lib_dirname.c
CC:  sig_lowest.c
CC:  nsh_dbgcmds.c
CC:  dirent/lib_readdirr.c
CC:  sig_mqnotempty.c
CC:  sig_cleanup.c
CC:  dirent/lib_telldir.c
CC:  nsh_builtin.c
CC:  termios/lib_cfgetspeed.c
CC:  termios/lib_cfsetspeed.c
CC:  termios/lib_tcflush.c
CC:  nsh_romfsetc.c
CC:  sig_dispatch.c
CC:  termios/lib_tcgetattr.c
CC:  nsh_timcmds.c
CC:  sig_deliver.c
CC:  termios/lib_tcsetattr.c
CC:  nsh_mntcmds.c
CC:  spawn/lib_psfa_addaction.c
CC:  pause.c
CC:  spawn/lib_psfa_addclose.c
CC:  mq_open.c
CC:  nsh_consolemain.c
CC:  spawn/lib_psfa_adddup2.c
CC:  nsh_test.c
CC:  mq_close.c
CC:  spawn/lib_psfa_addopen.c
CC:  mq_unlink.c
CC:  spawn/lib_psfa_destroy.c
CC:  nsh_usbdev.c
CC:  mq_send.c
CC:  spawn/lib_psfa_init.c
AR:   nsh_init.o nsh_parse.o nsh_console.o nsh_script.o nsh_session.o nsh_fscmds.o nsh_ddcmd.o nsh_proccmds.o nsh_mmcmds.o nsh_envcmds.o nsh_dbgcmds.o nsh_builtin.o nsh_romfsetc.o nsh_timcmds.o nsh_mntcmds.o nsh_consolemain.o nsh_test.o nsh_usbdev.o
CC:  spawn/lib_psa_getflags.c
CC:  readline.c
CC:  spawn/lib_psa_getschedparam.c
CC:  mq_timedsend.c
CC:  spawn/lib_psa_getschedpolicy.c
AR:   readline.o
CC:  sysinfo.c
CC:  spawn/lib_psa_getstacksize.c
CC:  mq_sndinternal.c
AR:   sysinfo.o
CC:  spawn/lib_psa_init.c
CC:  spawn/lib_psa_setflags.c
CC:  mq_receive.c
CC:  spawn/lib_psa_setschedparam.c
CC:  mq_timedreceive.c
CC:  mq_rcvinternal.c
CC:  spawn/lib_psa_setschedpolicy.c
CC:  mq_initialize.c
CC:  mq_descreate.c
CC:  spawn/lib_psa_setstacksize.c
CC:  mq_findnamed.c
CC:  mq_msgfree.c
CC:  spawn/lib_psa_getsigmask.c
CC:  mq_msgqfree.c
CC:  spawn/lib_psa_setsigmask.c
CC:  mq_release.c
CC:  mq_recover.c
CC:  queue/sq_addlast.c
CC:  mq_waitirq.c
CC:  queue/sq_addfirst.c
CC:  mq_notify.c
CC:  queue/sq_addafter.c
CC:  env_getenvironptr.c
CC:  env_dup.c
CC:  queue/sq_rem.c
CC:  env_release.c
CC:  queue/sq_remlast.c
CC:  env_findvar.c
CC:  queue/sq_remfirst.c
CC:  env_removevar.c
CC:  queue/sq_remafter.c
CC:  env_clearenv.c
CC:  queue/dq_addlast.c
CC:  env_getenv.c
CC:  fs_close.c
CC:  queue/dq_addfirst.c
CC:  queue/dq_addafter.c
CC:  env_putenv.c
CC:  queue/dq_addbefore.c
CC:  env_setenv.c
CC:  queue/dq_rem.c
CC:  fs_closedir.c
CC:  queue/dq_remlast.c
CC:  env_unsetenv.c
CC:  bch/bchlib_setup.c
CC:  queue/dq_remfirst.c
AR:   os_start.o os_bringup.o errno_getptr.o errno_get.o errno_set.o sched_garbage.o sched_getfiles.o sched_getsockets.o sched_getstreams.o prctl.o exit.o getpid.o task_create.o task_init.o task_setup.o task_activate.o task_start.o task_delete.o task_exit.o task_exithook.o task_recover.o task_restart.o task_spawn.o task_spawnparms.o task_terminate.o sched_addreadytorun.o sched_removereadytorun.o sched_addprioritized.o sched_mergepending.o sched_addblocked.o sched_removeblocked.o sched_free.o sched_gettcb.o sched_verifytcb.o sched_releasetcb.o task_vfork.o group_create.o group_join.o group_leave.o group_find.o group_setupstreams.o group_setupidlefiles.o group_setuptaskfiles.o task_getgroup.o group_foreachchild.o group_killchildren.o group_signal.o sched_setparam.o sched_setpriority.o sched_getparam.o sched_setscheduler.o sched_getscheduler.o sched_yield.o sched_rrgetinterval.o sched_foreach.o sched_lock.o sched_unlock.o sched_lockcount.o sched_self.o atexit.o sched_reprioritize.o sched_waitpid.o wd_initialize.o wd_create.o wd_start.o wd_cancel.o wd_delete.o wd_gettime.o sched_processtimer.o sleep.o usleep.o sem_initialize.o sem_destroy.o sem_open.o sem_close.o sem_unlink.o sem_wait.o sem_trywait.o sem_timedwait.o sem_post.o sem_findnamed.o sem_waitirq.o sem_holder.o timer_initialize.o timer_create.o timer_delete.o timer_getoverrun.o timer_gettime.o timer_settime.o timer_release.o irq_initialize.o irq_attach.o irq_dispatch.o irq_unexpectedisr.o clock_initialize.o clock_settime.o clock_gettime.o clock_getres.o clock_time2ticks.o clock_abstime2ticks.o clock_ticks2time.o clock_gettimeofday.o clock_systimer.o pthread_create.o pthread_exit.o pthread_join.o pthread_detach.o pthread_yield.o pthread_getschedparam.o pthread_setschedparam.o pthread_mutexinit.o pthread_mutexdestroy.o pthread_mutexlock.o pthread_mutextrylock.o pthread_mutexunlock.o pthread_condinit.o pthread_conddestroy.o pthread_condwait.o pthread_condsignal.o pthread_condbroadcast.o pthread_barrierinit.o pthread_barrierdestroy.o pthread_barrierwait.o pthread_cancel.o pthread_setcancelstate.o pthread_keycreate.o pthread_setspecific.o pthread_getspecific.o pthread_keydelete.o pthread_initialize.o pthread_completejoin.o pthread_findjoininfo.o pthread_once.o pthread_release.o pthread_setschedprio.o pthread_condtimedwait.o pthread_kill.o pthread_sigmask.o sig_initialize.o sig_action.o sig_procmask.o sig_pending.o sig_suspend.o sig_kill.o sig_queue.o sig_waitinfo.o sig_timedwait.o sig_findaction.o sig_allocatependingsigaction.o sig_releasependingsigaction.o sig_unmaskpendingsignal.o sig_removependingsignal.o sig_releasependingsignal.o sig_lowest.o sig_mqnotempty.o sig_cleanup.o sig_dispatch.o sig_deliver.o pause.o mq_open.o mq_close.o mq_unlink.o mq_send.o mq_timedsend.o mq_sndinternal.o mq_receive.o mq_timedreceive.o mq_rcvinternal.o mq_initialize.o mq_descreate.o mq_findnamed.o mq_msgfree.o mq_msgqfree.o mq_release.o mq_recover.o mq_waitirq.o mq_notify.o env_getenvironptr.o env_dup.o env_release.o env_findvar.o env_removevar.o env_clearenv.o env_getenv.o env_putenv.o env_setenv.o env_unsetenv.o
CC:  fs_dup.c
CC:  wqueue/work_thread.c
CC:  binfmt_globals.c
CC:  wqueue/work_queue.c
CC:  bch/bchlib_teardown.c
CC:  fs_dup2.c
CC:  wqueue/work_cancel.c
CC:  binfmt_register.c
CC:  wqueue/work_signal.c
CC:  misc/lib_init.c
CC:  binfmt_unregister.c
CC:  bch/bchlib_read.c
CC:  fs_fcntl.c
CC:  misc/lib_filesem.c
CC:  binfmt_loadmodule.c
CC:  misc/lib_sendfile.c
CC:  fs_filedup.c
CC:  binfmt_unloadmodule.c
CC:  misc/lib_streamsem.c
CC:  bch/bchlib_write.c
CC:  misc/lib_match.c
CC:  binfmt_execmodule.c
CC:  misc/lib_crc32.c
CC:  fs_filedup2.c
CC:  binfmt_exec.c
CC:  misc/lib_dbg.c
CC:  bch/bchlib_cache.c
CC:  misc/lib_dumpbuffer.c
CC:  binfmt_dumpmodule.c
CC:  fs_ioctl.c
AR:    bin/lib_fileno.o  bin/lib_printf.o  bin/lib_syslog.o  bin/lib_lowsyslog.o  bin/lib_sprintf.o  bin/lib_asprintf.o  bin/lib_snprintf.o  bin/lib_libsprintf.o  bin/lib_vsprintf.o  bin/lib_avsprintf.o  bin/lib_vsnprintf.o  bin/lib_libvsprintf.o  bin/lib_dprintf.o  bin/lib_vdprintf.o  bin/lib_meminstream.o  bin/lib_memoutstream.o  bin/lib_lowinstream.o  bin/lib_lowoutstream.o  bin/lib_zeroinstream.o  bin/lib_nullinstream.o  bin/lib_nulloutstream.o  bin/lib_sscanf.o  bin/lib_rawinstream.o  bin/lib_rawoutstream.o  bin/lib_fopen.o  bin/lib_fclose.o  bin/lib_fread.o  bin/lib_libfread.o  bin/lib_fseek.o  bin/lib_ftell.o  bin/lib_fsetpos.o  bin/lib_fgetpos.o  bin/lib_fgetc.o  bin/lib_fgets.o  bin/lib_gets.o  bin/lib_fwrite.o  bin/lib_libfwrite.o  bin/lib_fflush.o  bin/lib_libflushall.o  bin/lib_libfflush.o  bin/lib_rdflush.o  bin/lib_wrflush.o  bin/lib_fputc.o  bin/lib_puts.o  bin/lib_fputs.o  bin/lib_ungetc.o  bin/lib_vprintf.o  bin/lib_fprintf.o  bin/lib_vfprintf.o  bin/lib_stdinstream.o  bin/lib_stdoutstream.o  bin/lib_perror.o  bin/lib_feof.o  bin/lib_ferror.o  bin/lib_clearerr.o  bin/lib_dtoa.o  bin/lib_libnoflush.o  bin/lib_abs.o  bin/lib_abort.o  bin/lib_imaxabs.o  bin/lib_itoa.o  bin/lib_labs.o  bin/lib_llabs.o  bin/lib_rand.o  bin/lib_qsort.o  bin/lib_getopt.o  bin/lib_getoptargp.o  bin/lib_getoptindp.o  bin/lib_getoptoptp.o  bin/lib_chdir.o  bin/lib_getcwd.o  bin/sched_getprioritymax.o  bin/sched_getprioritymin.o  bin/lib_checkbase.o  bin/lib_isbasedigit.o  bin/lib_memset.o  bin/lib_memchr.o  bin/lib_memccpy.o  bin/lib_memcmp.o  bin/lib_memmove.o  bin/lib_skipspace.o  bin/lib_strcasecmp.o  bin/lib_strcat.o  bin/lib_strchr.o  bin/lib_strcpy.o  bin/lib_strcmp.o  bin/lib_strcspn.o  bin/lib_strdup.o  bin/lib_strerror.o  bin/lib_strlen.o  bin/lib_strnlen.o  bin/lib_strncasecmp.o  bin/lib_strncat.o  bin/lib_strncmp.o  bin/lib_strncpy.o  bin/lib_strndup.o  bin/lib_strcasestr.o  bin/lib_strpbrk.o  bin/lib_strrchr.o  bin/lib_strspn.o  bin/lib_strstr.o  bin/lib_strtok.o  bin/lib_strtokr.o  bin/lib_strtol.o  bin/lib_strtoll.o  bin/lib_strtoul.o  bin/lib_strtoull.o  bin/lib_strtod.o  bin/pthread_attrinit.o  bin/pthread_attrdestroy.o  bin/pthread_attrsetschedpolicy.o  bin/pthread_attrgetschedpolicy.o  bin/pthread_attrsetinheritsched.o  bin/pthread_attrgetinheritsched.o  bin/pthread_attrsetstacksize.o  bin/pthread_attrgetstacksize.o  bin/pthread_attrsetschedparam.o  bin/pthread_attrgetschedparam.o  bin/pthread_barrierattrinit.o  bin/pthread_barrierattrdestroy.o  bin/pthread_barrierattrgetpshared.o  bin/pthread_barrierattrsetpshared.o  bin/pthread_condattrinit.o  bin/pthread_condattrdestroy.o  bin/pthread_mutexattrinit.o  bin/pthread_mutexattrdestroy.o  bin/pthread_mutexattrgetpshared.o  bin/pthread_mutexattrsetpshared.o  bin/sem_init.o  bin/sem_getvalue.o  bin/sig_emptyset.o  bin/sig_fillset.o  bin/sig_addset.o  bin/sig_delset.o  bin/sig_ismember.o  bin/mq_setattr.o  bin/mq_getattr.o  bin/lib_rint.o  bin/lib_fixedmath.o  bin/lib_b16sin.o  bin/lib_b16cos.o  bin/lib_b16atan2.o  bin/lib_etherntoa.o  bin/lib_htons.o  bin/lib_htonl.o  bin/lib_inetaddr.o  bin/lib_inetntoa.o  bin/lib_inetntop.o  bin/lib_inetpton.o  bin/lib_mktime.o  bin/lib_gmtime.o  bin/lib_gmtimer.o  bin/lib_strftime.o  bin/lib_calendar2utc.o  bin/lib_daysbeforemonth.o  bin/lib_isleapyear.o  bin/lib_time.o  bin/lib_basename.o  bin/lib_dirname.o  bin/lib_readdirr.o  bin/lib_telldir.o  bin/lib_cfgetspeed.o  bin/lib_cfsetspeed.o  bin/lib_tcflush.o  bin/lib_tcgetattr.o  bin/lib_tcsetattr.o  bin/lib_psfa_addaction.o  bin/lib_psfa_addclose.o  bin/lib_psfa_adddup2.o  bin/lib_psfa_addopen.o  bin/lib_psfa_destroy.o  bin/lib_psfa_init.o  bin/lib_psa_getflags.o  bin/lib_psa_getschedparam.o  bin/lib_psa_getschedpolicy.o  bin/lib_psa_getstacksize.o  bin/lib_psa_init.o  bin/lib_psa_setflags.o  bin/lib_psa_setschedparam.o  bin/lib_psa_setschedpolicy.o  bin/lib_psa_setstacksize.o  bin/lib_psa_getsigmask.o  bin/lib_psa_setsigmask.o  bin/sq_addlast.o  bin/sq_addfirst.o  bin/sq_addafter.o  bin/sq_rem.o  bin/sq_remlast.o  bin/sq_remfirst.o  bin/sq_remafter.o  bin/dq_addlast.o  bin/dq_addfirst.o  bin/dq_addafter.o  bin/dq_addbefore.o  bin/dq_rem.o  bin/dq_remlast.o  bin/dq_remfirst.o  bin/work_thread.o  bin/work_queue.o  bin/work_cancel.o  bin/work_signal.o  bin/lib_init.o  bin/lib_filesem.o  bin/lib_sendfile.o  bin/lib_streamsem.o  bin/lib_match.o  bin/lib_crc32.o  bin/lib_dbg.o  bin/lib_dumpbuffer.o
CC:  symtab_findbyname.c
CC:  symtab_findbyvalue.c
CC:  bch/bchlib_sem.c
CC:  fs_lseek.c
CC:  symtab_findorderedbyname.c
CC:  symtab_findorderedbyvalue.c
CC:  builtin.c
CC:  fs_open.c
CC:  libbuiltin/libbuiltin_getname.c
CC:  bch/bchdev_register.c
CC:  libbuiltin/libbuiltin_isavail.c
AR:   binfmt_globals.o binfmt_register.o binfmt_unregister.o binfmt_loadmodule.o binfmt_unloadmodule.o binfmt_execmodule.o binfmt_exec.o binfmt_dumpmodule.o symtab_findbyname.o symtab_findbyvalue.o symtab_findorderedbyname.o symtab_findorderedbyvalue.o builtin.o libbuiltin_getname.o libbuiltin_isavail.o
CC:  fs_opendir.c
CC:  bch/bchdev_unregister.c
CC:  fs_poll.c
CC:  fs_read.c
CC:  bch/bchdev_driver.c
CC:  fs_readdir.c
CC:  mmcsd/mmcsd_sdio.c
CC:  fs_rewinddir.c
CC:  mtd/at45db.c
CC:  fs_seekdir.c
CC:  mtd/flash_eraseall.c
CC:  fs_stat.c
CC:  fs_statfs.c
CC:  mtd/ftl.c
CC:  fs_select.c
CC:  mtd/m25px.c
CC:  fs_write.c
CC:  mtd/ramtron.c
CC:  fs_files.c
CC:  mtd/mtd_partition.c
CC:  fs_foreachinode.c
CC:  pipes/pipe.c
CC:  fs_inode.c
CC:  pipes/fifo.c
CC:  fs_inodeaddref.c
CC:  pipes/pipe_common.c
CC:  fs_inodefind.c
CC:  fs_inoderelease.c
CC:  sensors/lis331dl.c
CC:  fs_inoderemove.c
CC:  serial/serial.c
CC:  fs_inodereserve.c
CC:  serial/serialirq.c
CC:  fs_registerdriver.c
CC:  serial/lowconsole.c
CC:  fs_unregisterdriver.c
CC:  usbdev/cdcacm.c
CC:  fs_registerblockdriver.c
CC:  fs_unregisterblockdriver.c
CC:  usbdev/cdcacm_desc.c
CC:  fs_findblockdriver.c
CC:  usbdev/usbdev_trace.c
CC:  fs_openblockdriver.c
CC:  usbdev/usbdev_trprintf.c
CC:  fs_closeblockdriver.c
CC:  usbhost/hid_parser.c
CC:  mmap/fs_mmap.c
CC:  dev_null.c
CC:  fs_fdopen.c
CC:  dev_zero.c
CC:  fs_fsync.c
CC:  fs_mkdir.c
CC:  loop.c
CC:  fs_mount.c
CC:  ramdisk.c
CC:  fs_rename.c
CC:  rwbuffer.c
CC:  fs_rmdir.c
CC:  watchdog.c
CC:  fs_umount.c
AR:   bchlib_setup.o bchlib_teardown.o bchlib_read.o bchlib_write.o bchlib_cache.o bchlib_sem.o bchdev_register.o bchdev_unregister.o bchdev_driver.o mmcsd_sdio.o at45db.o flash_eraseall.o ftl.o m25px.o ramtron.o mtd_partition.o pipe.o fifo.o pipe_common.o lis331dl.o serial.o serialirq.o lowconsole.o cdcacm.o cdcacm_desc.o usbdev_trace.o usbdev_trprintf.o hid_parser.o dev_null.o dev_zero.o loop.o ramdisk.o rwbuffer.o watchdog.o
CC:  fs_unlink.c
CC:  fs_foreachmountpoint.c
CC:  fat/fs_fat32.c
CC:  fat/fs_fat32dirent.c
CC:  fat/fs_fat32attrib.c
CC:  fat/fs_fat32util.c
CC:  fat/fs_mkfatfs.c
CC:  fat/fs_configfat.c
CC:  fat/fs_writefat.c
CC:  romfs/fs_romfs.c
CC:  romfs/fs_romfsutil.c
CC:  binfs/fs_binfs.c
AR:   fs_close.o fs_closedir.o fs_dup.o fs_dup2.o fs_fcntl.o fs_filedup.o fs_filedup2.o fs_ioctl.o fs_lseek.o fs_open.o fs_opendir.o fs_poll.o fs_read.o fs_readdir.o fs_rewinddir.o fs_seekdir.o fs_stat.o fs_statfs.o fs_select.o fs_write.o fs_files.o fs_foreachinode.o fs_inode.o fs_inodeaddref.o fs_inodefind.o fs_inoderelease.o fs_inoderemove.o fs_inodereserve.o fs_registerdriver.o fs_unregisterdriver.o fs_registerblockdriver.o fs_unregisterblockdriver.o fs_findblockdriver.o fs_openblockdriver.o fs_closeblockdriver.o fs_mmap.o fs_fdopen.o fs_fsync.o fs_mkdir.o fs_mount.o fs_rename.o fs_rmdir.o fs_umount.o fs_unlink.o fs_foreachmountpoint.o fs_fat32.o fs_fat32dirent.o fs_fat32attrib.o fs_fat32util.o fs_mkfatfs.o fs_configfat.o fs_writefat.o fs_romfs.o fs_romfsutil.o fs_binfs.o
CC:  empty.c
AR:   empty.o
